
2025/05/29 21:54:52 D:/Goprojects/PostSystem/database/gorm/user.go:17
[2.582ms] [rows:1] INSERT INTO `user` (`name`,`password`) VALUES ('xiaoming','e10adc3949ba59abbe56e057f20f883e')

2025/10/24 14:27:11 D:/GoProjects/PostSystem/database/gorm/user.go:17
[37.737ms] [rows:1] INSERT INTO `user` (`name`,`password`) VALUES ('12345','827ccb0eea8a706c4c34a16891f84e7b')

2025/10/24 14:27:58 D:/GoProjects/PostSystem/database/gorm/user.go:71
[15.511ms] [rows:1] SELECT * FROM `user` ORDER BY `user`.`id` LIMIT 1

2025/10/24 14:28:01 D:/GoProjects/PostSystem/database/gorm/user.go:71
[0.560ms] [rows:1] SELECT * FROM `user` ORDER BY `user`.`id` LIMIT 1

2025/10/24 14:28:03 D:/GoProjects/PostSystem/database/gorm/user.go:71
[0.505ms] [rows:1] SELECT * FROM `user` ORDER BY `user`.`id` LIMIT 1

2025/10/24 14:28:09 D:/GoProjects/PostSystem/database/gorm/user.go:17 Error 1062 (23000): Duplicate entry '12345' for key 'user.idx_name'
[3.342ms] [rows:0] INSERT INTO `user` (`name`,`password`) VALUES ('12345','827ccb0eea8a706c4c34a16891f84e7b')

2025/10/24 14:28:16 D:/GoProjects/PostSystem/database/gorm/user.go:71
[0.561ms] [rows:1] SELECT * FROM `user` ORDER BY `user`.`id` LIMIT 1

2025/10/24 14:39:22 D:/GoProjects/PostSystem/database/gorm/user.go:71
[0.958ms] [rows:1] SELECT * FROM `user` ORDER BY `user`.`id` LIMIT 1

2025/10/24 14:39:27 D:/GoProjects/PostSystem/database/gorm/user.go:71
[0.665ms] [rows:1] SELECT * FROM `user` ORDER BY `user`.`id` LIMIT 1

2025/10/24 14:39:35 D:/GoProjects/PostSystem/database/gorm/user.go:71
[0.534ms] [rows:1] SELECT * FROM `user` ORDER BY `user`.`id` LIMIT 1

2025/10/24 14:55:19 D:/GoProjects/PostSystem/database/gorm/user.go:71
[1.110ms] [rows:1] SELECT * FROM `user` ORDER BY `user`.`id` LIMIT 1

2025/10/24 14:57:27 D:/GoProjects/PostSystem/database/gorm/user.go:71
[0.710ms] [rows:1] SELECT * FROM `user` ORDER BY `user`.`id` LIMIT 1

2025/10/24 14:57:43 D:/GoProjects/PostSystem/database/gorm/user.go:71
[0.563ms] [rows:1] SELECT * FROM `user` ORDER BY `user`.`id` LIMIT 1
